E0714 06:11:18.209937    9216 load.go:23] Could not load config from "/home/user/studio/dataconnect": could not find dataconnect.yaml in `/home/user/studio/dataconnect`
E0714 06:11:18.210738    9216 watch.go:76] watchAllDir unable to walk dir `/home/user/studio/dataconnect`: on path "/home/user/studio/dataconnect" (DirEntry: <nil>): lstat /home/user/studio/dataconnect: no such file or directory
I0714 06:11:18.237274    9216 dev.go:95] Listening on address (HTTP + gRPC): 127.0.0.1:50001
E0714 06:11:28.211133    9216 load.go:23] Could not load config from "/home/user/studio/dataconnect": could not find dataconnect.yaml in `/home/user/studio/dataconnect`
E0714 06:11:38.220258    9216 load.go:23] Could not load config from "/home/user/studio/dataconnect": could not find dataconnect.yaml in `/home/user/studio/dataconnect`
E0714 06:11:48.211220    9216 load.go:23] Could not load config from "/home/user/studio/dataconnect": could not find dataconnect.yaml in `/home/user/studio/dataconnect`
E0714 06:11:58.211156    9216 load.go:23] Could not load config from "/home/user/studio/dataconnect": could not find dataconnect.yaml in `/home/user/studio/dataconnect`
E0714 06:12:08.219942    9216 load.go:23] Could not load config from "/home/user/studio/dataconnect": could not find dataconnect.yaml in `/home/user/studio/dataconnect`
E0714 06:12:18.211259    9216 load.go:23] Could not load config from "/home/user/studio/dataconnect": could not find dataconnect.yaml in `/home/user/studio/dataconnect`
E0714 06:12:28.220414    9216 load.go:23] Could not load config from "/home/user/studio/dataconnect": could not find dataconnect.yaml in `/home/user/studio/dataconnect`
E0714 06:12:38.220587    9216 load.go:23] Could not load config from "/home/user/studio/dataconnect": could not find dataconnect.yaml in `/home/user/studio/dataconnect`
E0714 06:12:48.211821    9216 load.go:23] Could not load config from "/home/user/studio/dataconnect": could not find dataconnect.yaml in `/home/user/studio/dataconnect`
E0714 06:12:58.213864    9216 load.go:23] Could not load config from "/home/user/studio/dataconnect": could not find dataconnect.yaml in `/home/user/studio/dataconnect`
E0714 06:13:08.214778    9216 load.go:23] Could not load config from "/home/user/studio/dataconnect": could not find dataconnect.yaml in `/home/user/studio/dataconnect`
E0714 06:13:18.211756    9216 load.go:23] Could not load config from "/home/user/studio/dataconnect": could not find dataconnect.yaml in `/home/user/studio/dataconnect`
E0714 06:13:18.211896    9216 watch.go:76] watchAllDir unable to walk dir `/home/user/studio/dataconnect`: on path "/home/user/studio/dataconnect" (DirEntry: <nil>): lstat /home/user/studio/dataconnect: no such file or directory
E0714 06:13:28.211581    9216 load.go:23] Could not load config from "/home/user/studio/dataconnect": could not find dataconnect.yaml in `/home/user/studio/dataconnect`
E0714 06:13:38.211089    9216 load.go:23] Could not load config from "/home/user/studio/dataconnect": could not find dataconnect.yaml in `/home/user/studio/dataconnect`
E0714 06:13:48.212008    9216 load.go:23] Could not load config from "/home/user/studio/dataconnect": could not find dataconnect.yaml in `/home/user/studio/dataconnect`
E0714 06:13:58.216131    9216 load.go:23] Could not load config from "/home/user/studio/dataconnect": could not find dataconnect.yaml in `/home/user/studio/dataconnect`
E0714 06:14:08.218009    9216 load.go:23] Could not load config from "/home/user/studio/dataconnect": could not find dataconnect.yaml in `/home/user/studio/dataconnect`
E0714 06:14:18.211857    9216 load.go:23] Could not load config from "/home/user/studio/dataconnect": could not find dataconnect.yaml in `/home/user/studio/dataconnect`
E0714 06:14:28.211199    9216 load.go:23] Could not load config from "/home/user/studio/dataconnect": could not find dataconnect.yaml in `/home/user/studio/dataconnect`
E0714 06:14:38.213226    9216 load.go:23] Could not load config from "/home/user/studio/dataconnect": could not find dataconnect.yaml in `/home/user/studio/dataconnect`
E0714 06:14:48.210941    9216 load.go:23] Could not load config from "/home/user/studio/dataconnect": could not find dataconnect.yaml in `/home/user/studio/dataconnect`
E0714 06:14:58.211176    9216 load.go:23] Could not load config from "/home/user/studio/dataconnect": could not find dataconnect.yaml in `/home/user/studio/dataconnect`
E0714 06:15:08.220546    9216 load.go:23] Could not load config from "/home/user/studio/dataconnect": could not find dataconnect.yaml in `/home/user/studio/dataconnect`
E0714 06:15:18.211301    9216 load.go:23] Could not load config from "/home/user/studio/dataconnect": could not find dataconnect.yaml in `/home/user/studio/dataconnect`
E0714 06:15:18.211378    9216 watch.go:76] watchAllDir unable to walk dir `/home/user/studio/dataconnect`: on path "/home/user/studio/dataconnect" (DirEntry: <nil>): lstat /home/user/studio/dataconnect: no such file or directory
E0714 06:15:28.220180    9216 load.go:23] Could not load config from "/home/user/studio/dataconnect": could not find dataconnect.yaml in `/home/user/studio/dataconnect`
E0714 06:15:38.211506    9216 load.go:23] Could not load config from "/home/user/studio/dataconnect": could not find dataconnect.yaml in `/home/user/studio/dataconnect`
E0714 06:15:48.211279    9216 load.go:23] Could not load config from "/home/user/studio/dataconnect": could not find dataconnect.yaml in `/home/user/studio/dataconnect`
E0714 06:15:58.218023    9216 load.go:23] Could not load config from "/home/user/studio/dataconnect": could not find dataconnect.yaml in `/home/user/studio/dataconnect`
E0714 06:16:08.218053    9216 load.go:23] Could not load config from "/home/user/studio/dataconnect": could not find dataconnect.yaml in `/home/user/studio/dataconnect`
E0714 06:16:18.211919    9216 load.go:23] Could not load config from "/home/user/studio/dataconnect": could not find dataconnect.yaml in `/home/user/studio/dataconnect`
E0714 06:16:28.211143    9216 load.go:23] Could not load config from "/home/user/studio/dataconnect": could not find dataconnect.yaml in `/home/user/studio/dataconnect`
E0714 06:16:38.211546    9216 load.go:23] Could not load config from "/home/user/studio/dataconnect": could not find dataconnect.yaml in `/home/user/studio/dataconnect`
E0714 06:16:48.211911    9216 load.go:23] Could not load config from "/home/user/studio/dataconnect": could not find dataconnect.yaml in `/home/user/studio/dataconnect`
E0714 06:16:58.213513    9216 load.go:23] Could not load config from "/home/user/studio/dataconnect": could not find dataconnect.yaml in `/home/user/studio/dataconnect`
E0714 06:17:08.220671    9216 load.go:23] Could not load config from "/home/user/studio/dataconnect": could not find dataconnect.yaml in `/home/user/studio/dataconnect`
E0714 06:17:18.211116    9216 load.go:23] Could not load config from "/home/user/studio/dataconnect": could not find dataconnect.yaml in `/home/user/studio/dataconnect`
E0714 06:17:18.211182    9216 watch.go:76] watchAllDir unable to walk dir `/home/user/studio/dataconnect`: on path "/home/user/studio/dataconnect" (DirEntry: <nil>): lstat /home/user/studio/dataconnect: no such file or directory
E0714 06:17:28.219950    9216 load.go:23] Could not load config from "/home/user/studio/dataconnect": could not find dataconnect.yaml in `/home/user/studio/dataconnect`
E0714 06:17:38.219938    9216 load.go:23] Could not load config from "/home/user/studio/dataconnect": could not find dataconnect.yaml in `/home/user/studio/dataconnect`
E0714 06:17:48.211036    9216 load.go:23] Could not load config from "/home/user/studio/dataconnect": could not find dataconnect.yaml in `/home/user/studio/dataconnect`
E0714 06:17:58.219984    9216 load.go:23] Could not load config from "/home/user/studio/dataconnect": could not find dataconnect.yaml in `/home/user/studio/dataconnect`
E0714 06:18:08.219945    9216 load.go:23] Could not load config from "/home/user/studio/dataconnect": could not find dataconnect.yaml in `/home/user/studio/dataconnect`
E0714 06:18:18.211425    9216 load.go:23] Could not load config from "/home/user/studio/dataconnect": could not find dataconnect.yaml in `/home/user/studio/dataconnect`
E0714 06:18:28.214114    9216 load.go:23] Could not load config from "/home/user/studio/dataconnect": could not find dataconnect.yaml in `/home/user/studio/dataconnect`
E0714 06:18:38.219938    9216 load.go:23] Could not load config from "/home/user/studio/dataconnect": could not find dataconnect.yaml in `/home/user/studio/dataconnect`
E0714 06:18:48.211867    9216 load.go:23] Could not load config from "/home/user/studio/dataconnect": could not find dataconnect.yaml in `/home/user/studio/dataconnect`
E0714 06:18:58.213540    9216 load.go:23] Could not load config from "/home/user/studio/dataconnect": could not find dataconnect.yaml in `/home/user/studio/dataconnect`
E0714 06:19:08.213209    9216 load.go:23] Could not load config from "/home/user/studio/dataconnect": could not find dataconnect.yaml in `/home/user/studio/dataconnect`
E0714 06:19:18.211819    9216 load.go:23] Could not load config from "/home/user/studio/dataconnect": could not find dataconnect.yaml in `/home/user/studio/dataconnect`
E0714 06:19:18.211898    9216 watch.go:76] watchAllDir unable to walk dir `/home/user/studio/dataconnect`: on path "/home/user/studio/dataconnect" (DirEntry: <nil>): lstat /home/user/studio/dataconnect: no such file or directory
E0714 06:19:28.218021    9216 load.go:23] Could not load config from "/home/user/studio/dataconnect": could not find dataconnect.yaml in `/home/user/studio/dataconnect`
E0714 06:19:38.211767    9216 load.go:23] Could not load config from "/home/user/studio/dataconnect": could not find dataconnect.yaml in `/home/user/studio/dataconnect`
E0714 06:19:48.211441    9216 load.go:23] Could not load config from "/home/user/studio/dataconnect": could not find dataconnect.yaml in `/home/user/studio/dataconnect`
E0714 06:19:58.211114    9216 load.go:23] Could not load config from "/home/user/studio/dataconnect": could not find dataconnect.yaml in `/home/user/studio/dataconnect`
E0714 06:20:08.220994    9216 load.go:23] Could not load config from "/home/user/studio/dataconnect": could not find dataconnect.yaml in `/home/user/studio/dataconnect`
E0714 06:20:18.211405    9216 load.go:23] Could not load config from "/home/user/studio/dataconnect": could not find dataconnect.yaml in `/home/user/studio/dataconnect`
E0714 06:20:28.220718    9216 load.go:23] Could not load config from "/home/user/studio/dataconnect": could not find dataconnect.yaml in `/home/user/studio/dataconnect`
E0714 06:20:38.220529    9216 load.go:23] Could not load config from "/home/user/studio/dataconnect": could not find dataconnect.yaml in `/home/user/studio/dataconnect`
E0714 06:20:48.211969    9216 load.go:23] Could not load config from "/home/user/studio/dataconnect": could not find dataconnect.yaml in `/home/user/studio/dataconnect`
E0714 06:20:58.211275    9216 load.go:23] Could not load config from "/home/user/studio/dataconnect": could not find dataconnect.yaml in `/home/user/studio/dataconnect`
E0714 06:21:08.220007    9216 load.go:23] Could not load config from "/home/user/studio/dataconnect": could not find dataconnect.yaml in `/home/user/studio/dataconnect`
E0714 06:21:18.211250    9216 load.go:23] Could not load config from "/home/user/studio/dataconnect": could not find dataconnect.yaml in `/home/user/studio/dataconnect`
E0714 06:21:18.211325    9216 watch.go:76] watchAllDir unable to walk dir `/home/user/studio/dataconnect`: on path "/home/user/studio/dataconnect" (DirEntry: <nil>): lstat /home/user/studio/dataconnect: no such file or directory
E0714 06:21:28.211140    9216 load.go:23] Could not load config from "/home/user/studio/dataconnect": could not find dataconnect.yaml in `/home/user/studio/dataconnect`
E0714 06:21:38.211143    9216 load.go:23] Could not load config from "/home/user/studio/dataconnect": could not find dataconnect.yaml in `/home/user/studio/dataconnect`
E0714 06:21:48.211873    9216 load.go:23] Could not load config from "/home/user/studio/dataconnect": could not find dataconnect.yaml in `/home/user/studio/dataconnect`
E0714 06:21:58.211497    9216 load.go:23] Could not load config from "/home/user/studio/dataconnect": could not find dataconnect.yaml in `/home/user/studio/dataconnect`
E0714 06:22:08.211144    9216 load.go:23] Could not load config from "/home/user/studio/dataconnect": could not find dataconnect.yaml in `/home/user/studio/dataconnect`
E0714 06:22:18.211307    9216 load.go:23] Could not load config from "/home/user/studio/dataconnect": could not find dataconnect.yaml in `/home/user/studio/dataconnect`
E0714 06:22:28.215343    9216 load.go:23] Could not load config from "/home/user/studio/dataconnect": could not find dataconnect.yaml in `/home/user/studio/dataconnect`
E0714 06:22:38.211150    9216 load.go:23] Could not load config from "/home/user/studio/dataconnect": could not find dataconnect.yaml in `/home/user/studio/dataconnect`
E0714 06:22:48.211662    9216 load.go:23] Could not load config from "/home/user/studio/dataconnect": could not find dataconnect.yaml in `/home/user/studio/dataconnect`
E0714 06:22:58.211616    9216 load.go:23] Could not load config from "/home/user/studio/dataconnect": could not find dataconnect.yaml in `/home/user/studio/dataconnect`
E0714 06:23:08.220835    9216 load.go:23] Could not load config from "/home/user/studio/dataconnect": could not find dataconnect.yaml in `/home/user/studio/dataconnect`
E0714 06:23:18.211569    9216 load.go:23] Could not load config from "/home/user/studio/dataconnect": could not find dataconnect.yaml in `/home/user/studio/dataconnect`
E0714 06:23:18.211639    9216 watch.go:76] watchAllDir unable to walk dir `/home/user/studio/dataconnect`: on path "/home/user/studio/dataconnect" (DirEntry: <nil>): lstat /home/user/studio/dataconnect: no such file or directory
E0714 06:23:28.211151    9216 load.go:23] Could not load config from "/home/user/studio/dataconnect": could not find dataconnect.yaml in `/home/user/studio/dataconnect`
E0714 06:23:38.211131    9216 load.go:23] Could not load config from "/home/user/studio/dataconnect": could not find dataconnect.yaml in `/home/user/studio/dataconnect`
E0714 06:23:48.211654    9216 load.go:23] Could not load config from "/home/user/studio/dataconnect": could not find dataconnect.yaml in `/home/user/studio/dataconnect`
I0714 06:23:58.218310    9216 load.go:37] Reloading schema and connectors...
I0714 06:23:58.273849    9216 control.go:84] [/emulator/rak-safety-hub-n0boorak-safety-hub-n0boo 8ad9] UpdateResources(): done
Schema: sources: schema/schema.gql [2088B] 
Connector "default": sources: connector/queries.gql [1802B] connector/mutations.gql [1233B] 
I0714 06:23:58.321612    9216 collector.go:107] schema extensions wrote into "/home/user/studio/dataconnect/.dataconnect/schema"
Generated sources: prelude.gql [71203B] 
I0714 06:23:58.321683    9216 load.go:115] Finished reloading
I0714 06:24:48.212541    9216 load.go:37] Reloading schema and connectors...
I0714 06:24:48.325008    9216 codegen.go:82] [connector "default" javascriptSdk] Generating sources into "/home/user/studio/dataconnect-generated/js/default-connector"
I0714 06:24:48.349158    9216 collector.go:107] schema extensions wrote into "/home/user/studio/dataconnect/.dataconnect/schema"
Generated sources: prelude.gql [71203B] 
I0714 06:24:48.352092    9216 collector.go:107] connector "default" javascriptSdk wrote into "/home/user/studio/dataconnect-generated/js/default-connector"
Generated sources: esm/package.json [17B] index.cjs.js [178B] react/index.d.ts [228B] react/package.json [468B] react/esm/index.esm.js [0B] react/README.md [5474B] package.json [860B] README.md [2896B] react/esm/package.json [17B] react/index.cjs.js [0B] index.d.ts [246B] esm/index.esm.js [143B] 
I0714 06:24:48.383354    9216 installsdk.go:86] Running command: /usr/bin/npm install file:dataconnect-generated/js/default-connector
E0714 06:24:59.746255    9216 installsdk.go:88] Failed to install package: exit status 217
I0714 06:24:59.746321    9216 load.go:115] Finished reloading
