[debug] [2025-07-14T06:11:03.783Z] [Firebase Plugin] Activating Firebase extension.
[debug] [2025-07-14T06:11:12.212Z] [Firebase Plugin] requireAuthWrapper
[debug] [2025-07-14T06:11:12.215Z] > command requires scopes: ["email","openid","https://www.googleapis.com/auth/cloudplatformprojects.readonly","https://www.googleapis.com/auth/firebase","https://www.googleapis.com/auth/cloud-platform"]
[debug] [2025-07-14T06:11:12.234Z] [Firebase Plugin] VSCode notification server listening on port 40001
[debug] [2025-07-14T06:11:15.752Z] Running auto auth
[debug] [2025-07-14T06:11:15.846Z] No OAuth tokens found
[debug] [2025-07-14T06:11:15.858Z] [Firebase Plugin] User found:  baastollie121@gmail.com
[info] [Firebase Plugin] (Core:Project) New user detected, fetching projects
[debug] [2025-07-14T06:11:15.868Z] No OAuth tokens found
[debug] [2025-07-14T06:11:15.883Z] >>> [apiv2][query] GET https://firebase.googleapis.com/v1beta1/projects pageSize=1000
[info] [Firebase Plugin] Starting Data Connect toolkit (version 2.8.0) on port 50001
[info] i  dataconnect: downloading dataconnect-emulator-2.8.0... {"metadata":{"emulator":{"name":"dataconnect"},"message":"downloading dataconnect-emulator-2.8.0..."}}
[debug] [2025-07-14T06:11:16.029Z] >>> [apiv2][query] GET https://storage.googleapis.com/firemat-preview-drop/emulator/dataconnect-emulator-linux-v2.8.0 
[debug] [2025-07-14T06:11:16.344Z] <<< [apiv2][status] GET https://storage.googleapis.com/firemat-preview-drop/emulator/dataconnect-emulator-linux-v2.8.0 200
[debug] [2025-07-14T06:11:16.344Z] <<< [apiv2][body] GET https://storage.googleapis.com/firemat-preview-drop/emulator/dataconnect-emulator-linux-v2.8.0 [stream]
[debug] [2025-07-14T06:11:16.410Z] <<< [apiv2][status] GET https://firebase.googleapis.com/v1beta1/projects 200
[debug] [2025-07-14T06:11:16.411Z] <<< [apiv2][body] GET https://firebase.googleapis.com/v1beta1/projects [omitted]
[debug] [2025-07-14T06:11:18.166Z] 'fdc build' failed with error: Unable to build your Data Connect schema and connectors (exit code 1): E0714 06:11:18.163965    9211 cmd.go:43] Error loading data connect config: could not find dataconnect.yaml in `/home/user/studio/dataconnect`
 {"metadata":{"emulator":{"name":"dataconnect"},"message":"'fdc build' failed with error: Unable to build your Data Connect schema and connectors (exit code 1): E0714 06:11:18.163965    9211 cmd.go:43] Error loading data connect config: could not find dataconnect.yaml in `/home/user/studio/dataconnect`\n"}}
[debug] [2025-07-14T06:11:18.168Z] Ignoring unsupported arg: auto_download {"metadata":{"emulator":{"name":"dataconnect"},"message":"Ignoring unsupported arg: auto_download"}}
[debug] [2025-07-14T06:11:18.168Z] Ignoring unsupported arg: port {"metadata":{"emulator":{"name":"dataconnect"},"message":"Ignoring unsupported arg: port"}}
[debug] [2025-07-14T06:11:18.169Z] Starting Data Connect Emulator with command {"binary":"/home/user/.cache/firebase/emulators/dataconnect-emulator-2.8.0","args":["--logtostderr","-v=2","dev","--listen=localhost:50001","--config_dir=/home/user/studio/dataconnect","--enable_output_schema_extensions=true","--enable_output_generated_sdk=true"],"optionalArgs":["listen","config_dir","enable_output_schema_extensions","enable_output_generated_sdk"],"joinArgs":true,"shell":false,"port":9399} {"metadata":{"emulator":{"name":"dataconnect"},"message":"Starting Data Connect Emulator with command {\"binary\":\"/home/user/.cache/firebase/emulators/dataconnect-emulator-2.8.0\",\"args\":[\"--logtostderr\",\"-v=2\",\"dev\",\"--listen=localhost:50001\",\"--config_dir=/home/user/studio/dataconnect\",\"--enable_output_schema_extensions=true\",\"--enable_output_generated_sdk=true\"],\"optionalArgs\":[\"listen\",\"config_dir\",\"enable_output_schema_extensions\",\"enable_output_generated_sdk\"],\"joinArgs\":true,\"shell\":false,\"port\":9399}"}}
[info] i  dataconnect: Data Connect Emulator logging to dataconnect-debug.log {"metadata":{"emulator":{"name":"dataconnect"},"message":"Data Connect Emulator logging to dataconnect-debug.log"}}
[debug] [2025-07-14T06:11:18.210Z] E0714 06:11:18.209937    9216 load.go:23] Could not load config from "/home/user/studio/dataconnect": could not find dataconnect.yaml in `/home/user/studio/dataconnect`
 {"metadata":{"emulator":{"name":"dataconnect"},"message":"E0714 06:11:18.209937    9216 load.go:23] Could not load config from \"/home/user/studio/dataconnect\": could not find dataconnect.yaml in `/home/user/studio/dataconnect`\n"}}
[debug] [2025-07-14T06:11:18.214Z] E0714 06:11:18.210738    9216 watch.go:76] watchAllDir unable to walk dir `/home/user/studio/dataconnect`: on path "/home/user/studio/dataconnect" (DirEntry: <nil>): lstat /home/user/studio/dataconnect: no such file or directory
 {"metadata":{"emulator":{"name":"dataconnect"},"message":"E0714 06:11:18.210738    9216 watch.go:76] watchAllDir unable to walk dir `/home/user/studio/dataconnect`: on path \"/home/user/studio/dataconnect\" (DirEntry: <nil>): lstat /home/user/studio/dataconnect: no such file or directory\n"}}
[debug] [2025-07-14T06:11:18.237Z] I0714 06:11:18.237274    9216 dev.go:95] Listening on address (HTTP + gRPC): 127.0.0.1:50001
 {"metadata":{"emulator":{"name":"dataconnect"},"message":"I0714 06:11:18.237274    9216 dev.go:95] Listening on address (HTTP + gRPC): 127.0.0.1:50001\n"}}
[error] [Firebase Plugin] error:  {}
[debug] [2025-07-14T06:11:28.211Z] E0714 06:11:28.211133    9216 load.go:23] Could not load config from "/home/user/studio/dataconnect": could not find dataconnect.yaml in `/home/user/studio/dataconnect`
 {"metadata":{"emulator":{"name":"dataconnect"},"message":"E0714 06:11:28.211133    9216 load.go:23] Could not load config from \"/home/user/studio/dataconnect\": could not find dataconnect.yaml in `/home/user/studio/dataconnect`\n"}}
[debug] [2025-07-14T06:11:38.220Z] E0714 06:11:38.220258    9216 load.go:23] Could not load config from "/home/user/studio/dataconnect": could not find dataconnect.yaml in `/home/user/studio/dataconnect`
 {"metadata":{"emulator":{"name":"dataconnect"},"message":"E0714 06:11:38.220258    9216 load.go:23] Could not load config from \"/home/user/studio/dataconnect\": could not find dataconnect.yaml in `/home/user/studio/dataconnect`\n"}}
[debug] [2025-07-14T06:11:48.211Z] E0714 06:11:48.211220    9216 load.go:23] Could not load config from "/home/user/studio/dataconnect": could not find dataconnect.yaml in `/home/user/studio/dataconnect`
 {"metadata":{"emulator":{"name":"dataconnect"},"message":"E0714 06:11:48.211220    9216 load.go:23] Could not load config from \"/home/user/studio/dataconnect\": could not find dataconnect.yaml in `/home/user/studio/dataconnect`\n"}}
[debug] [2025-07-14T06:11:58.211Z] E0714 06:11:58.211156    9216 load.go:23] Could not load config from "/home/user/studio/dataconnect": could not find dataconnect.yaml in `/home/user/studio/dataconnect`
 {"metadata":{"emulator":{"name":"dataconnect"},"message":"E0714 06:11:58.211156    9216 load.go:23] Could not load config from \"/home/user/studio/dataconnect\": could not find dataconnect.yaml in `/home/user/studio/dataconnect`\n"}}
[debug] [2025-07-14T06:12:08.220Z] E0714 06:12:08.219942    9216 load.go:23] Could not load config from "/home/user/studio/dataconnect": could not find dataconnect.yaml in `/home/user/studio/dataconnect`
 {"metadata":{"emulator":{"name":"dataconnect"},"message":"E0714 06:12:08.219942    9216 load.go:23] Could not load config from \"/home/user/studio/dataconnect\": could not find dataconnect.yaml in `/home/user/studio/dataconnect`\n"}}
[debug] [2025-07-14T06:12:18.211Z] E0714 06:12:18.211259    9216 load.go:23] Could not load config from "/home/user/studio/dataconnect": could not find dataconnect.yaml in `/home/user/studio/dataconnect`
 {"metadata":{"emulator":{"name":"dataconnect"},"message":"E0714 06:12:18.211259    9216 load.go:23] Could not load config from \"/home/user/studio/dataconnect\": could not find dataconnect.yaml in `/home/user/studio/dataconnect`\n"}}
[debug] [2025-07-14T06:12:28.220Z] E0714 06:12:28.220414    9216 load.go:23] Could not load config from "/home/user/studio/dataconnect": could not find dataconnect.yaml in `/home/user/studio/dataconnect`
 {"metadata":{"emulator":{"name":"dataconnect"},"message":"E0714 06:12:28.220414    9216 load.go:23] Could not load config from \"/home/user/studio/dataconnect\": could not find dataconnect.yaml in `/home/user/studio/dataconnect`\n"}}
[debug] [2025-07-14T06:12:38.220Z] E0714 06:12:38.220587    9216 load.go:23] Could not load config from "/home/user/studio/dataconnect": could not find dataconnect.yaml in `/home/user/studio/dataconnect`
 {"metadata":{"emulator":{"name":"dataconnect"},"message":"E0714 06:12:38.220587    9216 load.go:23] Could not load config from \"/home/user/studio/dataconnect\": could not find dataconnect.yaml in `/home/user/studio/dataconnect`\n"}}
[debug] [2025-07-14T06:12:48.212Z] E0714 06:12:48.211821    9216 load.go:23] Could not load config from "/home/user/studio/dataconnect": could not find dataconnect.yaml in `/home/user/studio/dataconnect`
 {"metadata":{"emulator":{"name":"dataconnect"},"message":"E0714 06:12:48.211821    9216 load.go:23] Could not load config from \"/home/user/studio/dataconnect\": could not find dataconnect.yaml in `/home/user/studio/dataconnect`\n"}}
[debug] [2025-07-14T06:12:58.214Z] E0714 06:12:58.213864    9216 load.go:23] Could not load config from "/home/user/studio/dataconnect": could not find dataconnect.yaml in `/home/user/studio/dataconnect`
 {"metadata":{"emulator":{"name":"dataconnect"},"message":"E0714 06:12:58.213864    9216 load.go:23] Could not load config from \"/home/user/studio/dataconnect\": could not find dataconnect.yaml in `/home/user/studio/dataconnect`\n"}}
[debug] [2025-07-14T06:13:08.215Z] E0714 06:13:08.214778    9216 load.go:23] Could not load config from "/home/user/studio/dataconnect": could not find dataconnect.yaml in `/home/user/studio/dataconnect`
 {"metadata":{"emulator":{"name":"dataconnect"},"message":"E0714 06:13:08.214778    9216 load.go:23] Could not load config from \"/home/user/studio/dataconnect\": could not find dataconnect.yaml in `/home/user/studio/dataconnect`\n"}}
[debug] [2025-07-14T06:13:18.212Z] E0714 06:13:18.211756    9216 load.go:23] Could not load config from "/home/user/studio/dataconnect": could not find dataconnect.yaml in `/home/user/studio/dataconnect`
E0714 06:13:18.211896    9216 watch.go:76] watchAllDir unable to walk dir `/home/user/studio/dataconnect`: on path "/home/user/studio/dataconnect" (DirEntry: <nil>): lstat /home/user/studio/dataconnect: no such file or directory
 {"metadata":{"emulator":{"name":"dataconnect"},"message":"E0714 06:13:18.211756    9216 load.go:23] Could not load config from \"/home/user/studio/dataconnect\": could not find dataconnect.yaml in `/home/user/studio/dataconnect`\nE0714 06:13:18.211896    9216 watch.go:76] watchAllDir unable to walk dir `/home/user/studio/dataconnect`: on path \"/home/user/studio/dataconnect\" (DirEntry: <nil>): lstat /home/user/studio/dataconnect: no such file or directory\n"}}
[debug] [2025-07-14T06:13:28.211Z] E0714 06:13:28.211581    9216 load.go:23] Could not load config from "/home/user/studio/dataconnect": could not find dataconnect.yaml in `/home/user/studio/dataconnect`
 {"metadata":{"emulator":{"name":"dataconnect"},"message":"E0714 06:13:28.211581    9216 load.go:23] Could not load config from \"/home/user/studio/dataconnect\": could not find dataconnect.yaml in `/home/user/studio/dataconnect`\n"}}
[debug] [2025-07-14T06:13:38.211Z] E0714 06:13:38.211089    9216 load.go:23] Could not load config from "/home/user/studio/dataconnect": could not find dataconnect.yaml in `/home/user/studio/dataconnect`
 {"metadata":{"emulator":{"name":"dataconnect"},"message":"E0714 06:13:38.211089    9216 load.go:23] Could not load config from \"/home/user/studio/dataconnect\": could not find dataconnect.yaml in `/home/user/studio/dataconnect`\n"}}
[debug] [2025-07-14T06:13:48.212Z] E0714 06:13:48.212008    9216 load.go:23] Could not load config from "/home/user/studio/dataconnect": could not find dataconnect.yaml in `/home/user/studio/dataconnect`
 {"metadata":{"emulator":{"name":"dataconnect"},"message":"E0714 06:13:48.212008    9216 load.go:23] Could not load config from \"/home/user/studio/dataconnect\": could not find dataconnect.yaml in `/home/user/studio/dataconnect`\n"}}
[debug] [2025-07-14T06:13:58.216Z] E0714 06:13:58.216131    9216 load.go:23] Could not load config from "/home/user/studio/dataconnect": could not find dataconnect.yaml in `/home/user/studio/dataconnect`
 {"metadata":{"emulator":{"name":"dataconnect"},"message":"E0714 06:13:58.216131    9216 load.go:23] Could not load config from \"/home/user/studio/dataconnect\": could not find dataconnect.yaml in `/home/user/studio/dataconnect`\n"}}
[debug] [2025-07-14T06:14:08.218Z] E0714 06:14:08.218009    9216 load.go:23] Could not load config from "/home/user/studio/dataconnect": could not find dataconnect.yaml in `/home/user/studio/dataconnect`
 {"metadata":{"emulator":{"name":"dataconnect"},"message":"E0714 06:14:08.218009    9216 load.go:23] Could not load config from \"/home/user/studio/dataconnect\": could not find dataconnect.yaml in `/home/user/studio/dataconnect`\n"}}
[debug] [2025-07-14T06:14:18.212Z] E0714 06:14:18.211857    9216 load.go:23] Could not load config from "/home/user/studio/dataconnect": could not find dataconnect.yaml in `/home/user/studio/dataconnect`
 {"metadata":{"emulator":{"name":"dataconnect"},"message":"E0714 06:14:18.211857    9216 load.go:23] Could not load config from \"/home/user/studio/dataconnect\": could not find dataconnect.yaml in `/home/user/studio/dataconnect`\n"}}
[debug] [2025-07-14T06:14:28.211Z] E0714 06:14:28.211199    9216 load.go:23] Could not load config from "/home/user/studio/dataconnect": could not find dataconnect.yaml in `/home/user/studio/dataconnect`
 {"metadata":{"emulator":{"name":"dataconnect"},"message":"E0714 06:14:28.211199    9216 load.go:23] Could not load config from \"/home/user/studio/dataconnect\": could not find dataconnect.yaml in `/home/user/studio/dataconnect`\n"}}
[debug] [2025-07-14T06:14:38.213Z] E0714 06:14:38.213226    9216 load.go:23] Could not load config from "/home/user/studio/dataconnect": could not find dataconnect.yaml in `/home/user/studio/dataconnect`
 {"metadata":{"emulator":{"name":"dataconnect"},"message":"E0714 06:14:38.213226    9216 load.go:23] Could not load config from \"/home/user/studio/dataconnect\": could not find dataconnect.yaml in `/home/user/studio/dataconnect`\n"}}
[debug] [2025-07-14T06:14:48.327Z] E0714 06:14:48.210941    9216 load.go:23] Could not load config from "/home/user/studio/dataconnect": could not find dataconnect.yaml in `/home/user/studio/dataconnect`
 {"metadata":{"emulator":{"name":"dataconnect"},"message":"E0714 06:14:48.210941    9216 load.go:23] Could not load config from \"/home/user/studio/dataconnect\": could not find dataconnect.yaml in `/home/user/studio/dataconnect`\n"}}
[debug] [2025-07-14T06:14:58.211Z] E0714 06:14:58.211176    9216 load.go:23] Could not load config from "/home/user/studio/dataconnect": could not find dataconnect.yaml in `/home/user/studio/dataconnect`
 {"metadata":{"emulator":{"name":"dataconnect"},"message":"E0714 06:14:58.211176    9216 load.go:23] Could not load config from \"/home/user/studio/dataconnect\": could not find dataconnect.yaml in `/home/user/studio/dataconnect`\n"}}
[debug] [2025-07-14T06:15:08.220Z] E0714 06:15:08.220546    9216 load.go:23] Could not load config from "/home/user/studio/dataconnect": could not find dataconnect.yaml in `/home/user/studio/dataconnect`
 {"metadata":{"emulator":{"name":"dataconnect"},"message":"E0714 06:15:08.220546    9216 load.go:23] Could not load config from \"/home/user/studio/dataconnect\": could not find dataconnect.yaml in `/home/user/studio/dataconnect`\n"}}
[debug] [2025-07-14T06:15:18.256Z] E0714 06:15:18.211301    9216 load.go:23] Could not load config from "/home/user/studio/dataconnect": could not find dataconnect.yaml in `/home/user/studio/dataconnect`
E0714 06:15:18.211378    9216 watch.go:76] watchAllDir unable to walk dir `/home/user/studio/dataconnect`: on path "/home/user/studio/dataconnect" (DirEntry: <nil>): lstat /home/user/studio/dataconnect: no such file or directory
 {"metadata":{"emulator":{"name":"dataconnect"},"message":"E0714 06:15:18.211301    9216 load.go:23] Could not load config from \"/home/user/studio/dataconnect\": could not find dataconnect.yaml in `/home/user/studio/dataconnect`\nE0714 06:15:18.211378    9216 watch.go:76] watchAllDir unable to walk dir `/home/user/studio/dataconnect`: on path \"/home/user/studio/dataconnect\" (DirEntry: <nil>): lstat /home/user/studio/dataconnect: no such file or directory\n"}}
[debug] [2025-07-14T06:15:28.220Z] E0714 06:15:28.220180    9216 load.go:23] Could not load config from "/home/user/studio/dataconnect": could not find dataconnect.yaml in `/home/user/studio/dataconnect`
 {"metadata":{"emulator":{"name":"dataconnect"},"message":"E0714 06:15:28.220180    9216 load.go:23] Could not load config from \"/home/user/studio/dataconnect\": could not find dataconnect.yaml in `/home/user/studio/dataconnect`\n"}}
[debug] [2025-07-14T06:15:38.211Z] E0714 06:15:38.211506    9216 load.go:23] Could not load config from "/home/user/studio/dataconnect": could not find dataconnect.yaml in `/home/user/studio/dataconnect`
 {"metadata":{"emulator":{"name":"dataconnect"},"message":"E0714 06:15:38.211506    9216 load.go:23] Could not load config from \"/home/user/studio/dataconnect\": could not find dataconnect.yaml in `/home/user/studio/dataconnect`\n"}}
[debug] [2025-07-14T06:15:48.211Z] E0714 06:15:48.211279    9216 load.go:23] Could not load config from "/home/user/studio/dataconnect": could not find dataconnect.yaml in `/home/user/studio/dataconnect`
 {"metadata":{"emulator":{"name":"dataconnect"},"message":"E0714 06:15:48.211279    9216 load.go:23] Could not load config from \"/home/user/studio/dataconnect\": could not find dataconnect.yaml in `/home/user/studio/dataconnect`\n"}}
[debug] [2025-07-14T06:15:58.218Z] E0714 06:15:58.218023    9216 load.go:23] Could not load config from "/home/user/studio/dataconnect": could not find dataconnect.yaml in `/home/user/studio/dataconnect`
 {"metadata":{"emulator":{"name":"dataconnect"},"message":"E0714 06:15:58.218023    9216 load.go:23] Could not load config from \"/home/user/studio/dataconnect\": could not find dataconnect.yaml in `/home/user/studio/dataconnect`\n"}}
[debug] [2025-07-14T06:16:08.218Z] E0714 06:16:08.218053    9216 load.go:23] Could not load config from "/home/user/studio/dataconnect": could not find dataconnect.yaml in `/home/user/studio/dataconnect`
 {"metadata":{"emulator":{"name":"dataconnect"},"message":"E0714 06:16:08.218053    9216 load.go:23] Could not load config from \"/home/user/studio/dataconnect\": could not find dataconnect.yaml in `/home/user/studio/dataconnect`\n"}}
[debug] [2025-07-14T06:16:18.212Z] E0714 06:16:18.211919    9216 load.go:23] Could not load config from "/home/user/studio/dataconnect": could not find dataconnect.yaml in `/home/user/studio/dataconnect`
 {"metadata":{"emulator":{"name":"dataconnect"},"message":"E0714 06:16:18.211919    9216 load.go:23] Could not load config from \"/home/user/studio/dataconnect\": could not find dataconnect.yaml in `/home/user/studio/dataconnect`\n"}}
[debug] [2025-07-14T06:16:28.211Z] E0714 06:16:28.211143    9216 load.go:23] Could not load config from "/home/user/studio/dataconnect": could not find dataconnect.yaml in `/home/user/studio/dataconnect`
 {"metadata":{"emulator":{"name":"dataconnect"},"message":"E0714 06:16:28.211143    9216 load.go:23] Could not load config from \"/home/user/studio/dataconnect\": could not find dataconnect.yaml in `/home/user/studio/dataconnect`\n"}}
[debug] [2025-07-14T06:16:38.211Z] E0714 06:16:38.211546    9216 load.go:23] Could not load config from "/home/user/studio/dataconnect": could not find dataconnect.yaml in `/home/user/studio/dataconnect`
 {"metadata":{"emulator":{"name":"dataconnect"},"message":"E0714 06:16:38.211546    9216 load.go:23] Could not load config from \"/home/user/studio/dataconnect\": could not find dataconnect.yaml in `/home/user/studio/dataconnect`\n"}}
[debug] [2025-07-14T06:16:48.212Z] E0714 06:16:48.211911    9216 load.go:23] Could not load config from "/home/user/studio/dataconnect": could not find dataconnect.yaml in `/home/user/studio/dataconnect`
 {"metadata":{"emulator":{"name":"dataconnect"},"message":"E0714 06:16:48.211911    9216 load.go:23] Could not load config from \"/home/user/studio/dataconnect\": could not find dataconnect.yaml in `/home/user/studio/dataconnect`\n"}}
[debug] [2025-07-14T06:16:58.213Z] E0714 06:16:58.213513    9216 load.go:23] Could not load config from "/home/user/studio/dataconnect": could not find dataconnect.yaml in `/home/user/studio/dataconnect`
 {"metadata":{"emulator":{"name":"dataconnect"},"message":"E0714 06:16:58.213513    9216 load.go:23] Could not load config from \"/home/user/studio/dataconnect\": could not find dataconnect.yaml in `/home/user/studio/dataconnect`\n"}}
[debug] [2025-07-14T06:17:08.220Z] E0714 06:17:08.220671    9216 load.go:23] Could not load config from "/home/user/studio/dataconnect": could not find dataconnect.yaml in `/home/user/studio/dataconnect`
 {"metadata":{"emulator":{"name":"dataconnect"},"message":"E0714 06:17:08.220671    9216 load.go:23] Could not load config from \"/home/user/studio/dataconnect\": could not find dataconnect.yaml in `/home/user/studio/dataconnect`\n"}}
[debug] [2025-07-14T06:17:18.211Z] E0714 06:17:18.211116    9216 load.go:23] Could not load config from "/home/user/studio/dataconnect": could not find dataconnect.yaml in `/home/user/studio/dataconnect`
E0714 06:17:18.211182    9216 watch.go:76] watchAllDir unable to walk dir `/home/user/studio/dataconnect`: on path "/home/user/studio/dataconnect" (DirEntry: <nil>): lstat /home/user/studio/dataconnect: no such file or directory
 {"metadata":{"emulator":{"name":"dataconnect"},"message":"E0714 06:17:18.211116    9216 load.go:23] Could not load config from \"/home/user/studio/dataconnect\": could not find dataconnect.yaml in `/home/user/studio/dataconnect`\nE0714 06:17:18.211182    9216 watch.go:76] watchAllDir unable to walk dir `/home/user/studio/dataconnect`: on path \"/home/user/studio/dataconnect\" (DirEntry: <nil>): lstat /home/user/studio/dataconnect: no such file or directory\n"}}
[debug] [2025-07-14T06:17:28.220Z] E0714 06:17:28.219950    9216 load.go:23] Could not load config from "/home/user/studio/dataconnect": could not find dataconnect.yaml in `/home/user/studio/dataconnect`
 {"metadata":{"emulator":{"name":"dataconnect"},"message":"E0714 06:17:28.219950    9216 load.go:23] Could not load config from \"/home/user/studio/dataconnect\": could not find dataconnect.yaml in `/home/user/studio/dataconnect`\n"}}
[debug] [2025-07-14T06:17:38.220Z] E0714 06:17:38.219938    9216 load.go:23] Could not load config from "/home/user/studio/dataconnect": could not find dataconnect.yaml in `/home/user/studio/dataconnect`
 {"metadata":{"emulator":{"name":"dataconnect"},"message":"E0714 06:17:38.219938    9216 load.go:23] Could not load config from \"/home/user/studio/dataconnect\": could not find dataconnect.yaml in `/home/user/studio/dataconnect`\n"}}
[debug] [2025-07-14T06:17:48.211Z] E0714 06:17:48.211036    9216 load.go:23] Could not load config from "/home/user/studio/dataconnect": could not find dataconnect.yaml in `/home/user/studio/dataconnect`
 {"metadata":{"emulator":{"name":"dataconnect"},"message":"E0714 06:17:48.211036    9216 load.go:23] Could not load config from \"/home/user/studio/dataconnect\": could not find dataconnect.yaml in `/home/user/studio/dataconnect`\n"}}
[debug] [2025-07-14T06:17:58.220Z] E0714 06:17:58.219984    9216 load.go:23] Could not load config from "/home/user/studio/dataconnect": could not find dataconnect.yaml in `/home/user/studio/dataconnect`
 {"metadata":{"emulator":{"name":"dataconnect"},"message":"E0714 06:17:58.219984    9216 load.go:23] Could not load config from \"/home/user/studio/dataconnect\": could not find dataconnect.yaml in `/home/user/studio/dataconnect`\n"}}
[debug] [2025-07-14T06:18:08.220Z] E0714 06:18:08.219945    9216 load.go:23] Could not load config from "/home/user/studio/dataconnect": could not find dataconnect.yaml in `/home/user/studio/dataconnect`
 {"metadata":{"emulator":{"name":"dataconnect"},"message":"E0714 06:18:08.219945    9216 load.go:23] Could not load config from \"/home/user/studio/dataconnect\": could not find dataconnect.yaml in `/home/user/studio/dataconnect`\n"}}
[debug] [2025-07-14T06:18:18.211Z] E0714 06:18:18.211425    9216 load.go:23] Could not load config from "/home/user/studio/dataconnect": could not find dataconnect.yaml in `/home/user/studio/dataconnect`
 {"metadata":{"emulator":{"name":"dataconnect"},"message":"E0714 06:18:18.211425    9216 load.go:23] Could not load config from \"/home/user/studio/dataconnect\": could not find dataconnect.yaml in `/home/user/studio/dataconnect`\n"}}
[debug] [2025-07-14T06:18:28.223Z] E0714 06:18:28.214114    9216 load.go:23] Could not load config from "/home/user/studio/dataconnect": could not find dataconnect.yaml in `/home/user/studio/dataconnect`
 {"metadata":{"emulator":{"name":"dataconnect"},"message":"E0714 06:18:28.214114    9216 load.go:23] Could not load config from \"/home/user/studio/dataconnect\": could not find dataconnect.yaml in `/home/user/studio/dataconnect`\n"}}
[debug] [2025-07-14T06:18:38.225Z] E0714 06:18:38.219938    9216 load.go:23] Could not load config from "/home/user/studio/dataconnect": could not find dataconnect.yaml in `/home/user/studio/dataconnect`
 {"metadata":{"emulator":{"name":"dataconnect"},"message":"E0714 06:18:38.219938    9216 load.go:23] Could not load config from \"/home/user/studio/dataconnect\": could not find dataconnect.yaml in `/home/user/studio/dataconnect`\n"}}
[debug] [2025-07-14T06:18:48.212Z] E0714 06:18:48.211867    9216 load.go:23] Could not load config from "/home/user/studio/dataconnect": could not find dataconnect.yaml in `/home/user/studio/dataconnect`
 {"metadata":{"emulator":{"name":"dataconnect"},"message":"E0714 06:18:48.211867    9216 load.go:23] Could not load config from \"/home/user/studio/dataconnect\": could not find dataconnect.yaml in `/home/user/studio/dataconnect`\n"}}
[debug] [2025-07-14T06:18:58.213Z] E0714 06:18:58.213540    9216 load.go:23] Could not load config from "/home/user/studio/dataconnect": could not find dataconnect.yaml in `/home/user/studio/dataconnect`
 {"metadata":{"emulator":{"name":"dataconnect"},"message":"E0714 06:18:58.213540    9216 load.go:23] Could not load config from \"/home/user/studio/dataconnect\": could not find dataconnect.yaml in `/home/user/studio/dataconnect`\n"}}
[debug] [2025-07-14T06:19:08.213Z] E0714 06:19:08.213209    9216 load.go:23] Could not load config from "/home/user/studio/dataconnect": could not find dataconnect.yaml in `/home/user/studio/dataconnect`
 {"metadata":{"emulator":{"name":"dataconnect"},"message":"E0714 06:19:08.213209    9216 load.go:23] Could not load config from \"/home/user/studio/dataconnect\": could not find dataconnect.yaml in `/home/user/studio/dataconnect`\n"}}
[debug] [2025-07-14T06:19:18.212Z] E0714 06:19:18.211819    9216 load.go:23] Could not load config from "/home/user/studio/dataconnect": could not find dataconnect.yaml in `/home/user/studio/dataconnect`
E0714 06:19:18.211898    9216 watch.go:76] watchAllDir unable to walk dir `/home/user/studio/dataconnect`: on path "/home/user/studio/dataconnect" (DirEntry: <nil>): lstat /home/user/studio/dataconnect: no such file or directory
 {"metadata":{"emulator":{"name":"dataconnect"},"message":"E0714 06:19:18.211819    9216 load.go:23] Could not load config from \"/home/user/studio/dataconnect\": could not find dataconnect.yaml in `/home/user/studio/dataconnect`\nE0714 06:19:18.211898    9216 watch.go:76] watchAllDir unable to walk dir `/home/user/studio/dataconnect`: on path \"/home/user/studio/dataconnect\" (DirEntry: <nil>): lstat /home/user/studio/dataconnect: no such file or directory\n"}}
[debug] [2025-07-14T06:19:28.218Z] E0714 06:19:28.218021    9216 load.go:23] Could not load config from "/home/user/studio/dataconnect": could not find dataconnect.yaml in `/home/user/studio/dataconnect`
 {"metadata":{"emulator":{"name":"dataconnect"},"message":"E0714 06:19:28.218021    9216 load.go:23] Could not load config from \"/home/user/studio/dataconnect\": could not find dataconnect.yaml in `/home/user/studio/dataconnect`\n"}}
[debug] [2025-07-14T06:19:38.212Z] E0714 06:19:38.211767    9216 load.go:23] Could not load config from "/home/user/studio/dataconnect": could not find dataconnect.yaml in `/home/user/studio/dataconnect`
 {"metadata":{"emulator":{"name":"dataconnect"},"message":"E0714 06:19:38.211767    9216 load.go:23] Could not load config from \"/home/user/studio/dataconnect\": could not find dataconnect.yaml in `/home/user/studio/dataconnect`\n"}}
[debug] [2025-07-14T06:19:48.211Z] E0714 06:19:48.211441    9216 load.go:23] Could not load config from "/home/user/studio/dataconnect": could not find dataconnect.yaml in `/home/user/studio/dataconnect`
 {"metadata":{"emulator":{"name":"dataconnect"},"message":"E0714 06:19:48.211441    9216 load.go:23] Could not load config from \"/home/user/studio/dataconnect\": could not find dataconnect.yaml in `/home/user/studio/dataconnect`\n"}}
[debug] [2025-07-14T06:19:58.211Z] E0714 06:19:58.211114    9216 load.go:23] Could not load config from "/home/user/studio/dataconnect": could not find dataconnect.yaml in `/home/user/studio/dataconnect`
 {"metadata":{"emulator":{"name":"dataconnect"},"message":"E0714 06:19:58.211114    9216 load.go:23] Could not load config from \"/home/user/studio/dataconnect\": could not find dataconnect.yaml in `/home/user/studio/dataconnect`\n"}}
[debug] [2025-07-14T06:20:08.221Z] E0714 06:20:08.220994    9216 load.go:23] Could not load config from "/home/user/studio/dataconnect": could not find dataconnect.yaml in `/home/user/studio/dataconnect`
 {"metadata":{"emulator":{"name":"dataconnect"},"message":"E0714 06:20:08.220994    9216 load.go:23] Could not load config from \"/home/user/studio/dataconnect\": could not find dataconnect.yaml in `/home/user/studio/dataconnect`\n"}}
[debug] [2025-07-14T06:20:18.211Z] E0714 06:20:18.211405    9216 load.go:23] Could not load config from "/home/user/studio/dataconnect": could not find dataconnect.yaml in `/home/user/studio/dataconnect`
 {"metadata":{"emulator":{"name":"dataconnect"},"message":"E0714 06:20:18.211405    9216 load.go:23] Could not load config from \"/home/user/studio/dataconnect\": could not find dataconnect.yaml in `/home/user/studio/dataconnect`\n"}}
[debug] [2025-07-14T06:20:28.221Z] E0714 06:20:28.220718    9216 load.go:23] Could not load config from "/home/user/studio/dataconnect": could not find dataconnect.yaml in `/home/user/studio/dataconnect`
 {"metadata":{"emulator":{"name":"dataconnect"},"message":"E0714 06:20:28.220718    9216 load.go:23] Could not load config from \"/home/user/studio/dataconnect\": could not find dataconnect.yaml in `/home/user/studio/dataconnect`\n"}}
[debug] [2025-07-14T06:20:38.220Z] E0714 06:20:38.220529    9216 load.go:23] Could not load config from "/home/user/studio/dataconnect": could not find dataconnect.yaml in `/home/user/studio/dataconnect`
 {"metadata":{"emulator":{"name":"dataconnect"},"message":"E0714 06:20:38.220529    9216 load.go:23] Could not load config from \"/home/user/studio/dataconnect\": could not find dataconnect.yaml in `/home/user/studio/dataconnect`\n"}}
[debug] [2025-07-14T06:20:48.212Z] E0714 06:20:48.211969    9216 load.go:23] Could not load config from "/home/user/studio/dataconnect": could not find dataconnect.yaml in `/home/user/studio/dataconnect`
 {"metadata":{"emulator":{"name":"dataconnect"},"message":"E0714 06:20:48.211969    9216 load.go:23] Could not load config from \"/home/user/studio/dataconnect\": could not find dataconnect.yaml in `/home/user/studio/dataconnect`\n"}}
[debug] [2025-07-14T06:20:58.211Z] E0714 06:20:58.211275    9216 load.go:23] Could not load config from "/home/user/studio/dataconnect": could not find dataconnect.yaml in `/home/user/studio/dataconnect`
 {"metadata":{"emulator":{"name":"dataconnect"},"message":"E0714 06:20:58.211275    9216 load.go:23] Could not load config from \"/home/user/studio/dataconnect\": could not find dataconnect.yaml in `/home/user/studio/dataconnect`\n"}}
[debug] [2025-07-14T06:21:08.220Z] E0714 06:21:08.220007    9216 load.go:23] Could not load config from "/home/user/studio/dataconnect": could not find dataconnect.yaml in `/home/user/studio/dataconnect`
 {"metadata":{"emulator":{"name":"dataconnect"},"message":"E0714 06:21:08.220007    9216 load.go:23] Could not load config from \"/home/user/studio/dataconnect\": could not find dataconnect.yaml in `/home/user/studio/dataconnect`\n"}}
[debug] [2025-07-14T06:21:18.211Z] E0714 06:21:18.211250    9216 load.go:23] Could not load config from "/home/user/studio/dataconnect": could not find dataconnect.yaml in `/home/user/studio/dataconnect`
E0714 06:21:18.211325    9216 watch.go:76] watchAllDir unable to walk dir `/home/user/studio/dataconnect`: on path "/home/user/studio/dataconnect" (DirEntry: <nil>): lstat /home/user/studio/dataconnect: no such file or directory
 {"metadata":{"emulator":{"name":"dataconnect"},"message":"E0714 06:21:18.211250    9216 load.go:23] Could not load config from \"/home/user/studio/dataconnect\": could not find dataconnect.yaml in `/home/user/studio/dataconnect`\nE0714 06:21:18.211325    9216 watch.go:76] watchAllDir unable to walk dir `/home/user/studio/dataconnect`: on path \"/home/user/studio/dataconnect\" (DirEntry: <nil>): lstat /home/user/studio/dataconnect: no such file or directory\n"}}
[debug] [2025-07-14T06:21:28.211Z] E0714 06:21:28.211140    9216 load.go:23] Could not load config from "/home/user/studio/dataconnect": could not find dataconnect.yaml in `/home/user/studio/dataconnect`
 {"metadata":{"emulator":{"name":"dataconnect"},"message":"E0714 06:21:28.211140    9216 load.go:23] Could not load config from \"/home/user/studio/dataconnect\": could not find dataconnect.yaml in `/home/user/studio/dataconnect`\n"}}
[debug] [2025-07-14T06:21:38.211Z] E0714 06:21:38.211143    9216 load.go:23] Could not load config from "/home/user/studio/dataconnect": could not find dataconnect.yaml in `/home/user/studio/dataconnect`
 {"metadata":{"emulator":{"name":"dataconnect"},"message":"E0714 06:21:38.211143    9216 load.go:23] Could not load config from \"/home/user/studio/dataconnect\": could not find dataconnect.yaml in `/home/user/studio/dataconnect`\n"}}
[debug] [2025-07-14T06:21:48.212Z] E0714 06:21:48.211873    9216 load.go:23] Could not load config from "/home/user/studio/dataconnect": could not find dataconnect.yaml in `/home/user/studio/dataconnect`
 {"metadata":{"emulator":{"name":"dataconnect"},"message":"E0714 06:21:48.211873    9216 load.go:23] Could not load config from \"/home/user/studio/dataconnect\": could not find dataconnect.yaml in `/home/user/studio/dataconnect`\n"}}
[debug] [2025-07-14T06:21:58.211Z] E0714 06:21:58.211497    9216 load.go:23] Could not load config from "/home/user/studio/dataconnect": could not find dataconnect.yaml in `/home/user/studio/dataconnect`
 {"metadata":{"emulator":{"name":"dataconnect"},"message":"E0714 06:21:58.211497    9216 load.go:23] Could not load config from \"/home/user/studio/dataconnect\": could not find dataconnect.yaml in `/home/user/studio/dataconnect`\n"}}
[debug] [2025-07-14T06:22:08.211Z] E0714 06:22:08.211144    9216 load.go:23] Could not load config from "/home/user/studio/dataconnect": could not find dataconnect.yaml in `/home/user/studio/dataconnect`
 {"metadata":{"emulator":{"name":"dataconnect"},"message":"E0714 06:22:08.211144    9216 load.go:23] Could not load config from \"/home/user/studio/dataconnect\": could not find dataconnect.yaml in `/home/user/studio/dataconnect`\n"}}
[debug] [2025-07-14T06:22:18.211Z] E0714 06:22:18.211307    9216 load.go:23] Could not load config from "/home/user/studio/dataconnect": could not find dataconnect.yaml in `/home/user/studio/dataconnect`
 {"metadata":{"emulator":{"name":"dataconnect"},"message":"E0714 06:22:18.211307    9216 load.go:23] Could not load config from \"/home/user/studio/dataconnect\": could not find dataconnect.yaml in `/home/user/studio/dataconnect`\n"}}
[debug] [2025-07-14T06:22:28.215Z] E0714 06:22:28.215343    9216 load.go:23] Could not load config from "/home/user/studio/dataconnect": could not find dataconnect.yaml in `/home/user/studio/dataconnect`
 {"metadata":{"emulator":{"name":"dataconnect"},"message":"E0714 06:22:28.215343    9216 load.go:23] Could not load config from \"/home/user/studio/dataconnect\": could not find dataconnect.yaml in `/home/user/studio/dataconnect`\n"}}
[debug] [2025-07-14T06:22:38.211Z] E0714 06:22:38.211150    9216 load.go:23] Could not load config from "/home/user/studio/dataconnect": could not find dataconnect.yaml in `/home/user/studio/dataconnect`
 {"metadata":{"emulator":{"name":"dataconnect"},"message":"E0714 06:22:38.211150    9216 load.go:23] Could not load config from \"/home/user/studio/dataconnect\": could not find dataconnect.yaml in `/home/user/studio/dataconnect`\n"}}
[debug] [2025-07-14T06:22:48.211Z] E0714 06:22:48.211662    9216 load.go:23] Could not load config from "/home/user/studio/dataconnect": could not find dataconnect.yaml in `/home/user/studio/dataconnect`
 {"metadata":{"emulator":{"name":"dataconnect"},"message":"E0714 06:22:48.211662    9216 load.go:23] Could not load config from \"/home/user/studio/dataconnect\": could not find dataconnect.yaml in `/home/user/studio/dataconnect`\n"}}
[debug] [2025-07-14T06:22:58.211Z] E0714 06:22:58.211616    9216 load.go:23] Could not load config from "/home/user/studio/dataconnect": could not find dataconnect.yaml in `/home/user/studio/dataconnect`
 {"metadata":{"emulator":{"name":"dataconnect"},"message":"E0714 06:22:58.211616    9216 load.go:23] Could not load config from \"/home/user/studio/dataconnect\": could not find dataconnect.yaml in `/home/user/studio/dataconnect`\n"}}
[debug] [2025-07-14T06:23:08.221Z] E0714 06:23:08.220835    9216 load.go:23] Could not load config from "/home/user/studio/dataconnect": could not find dataconnect.yaml in `/home/user/studio/dataconnect`
 {"metadata":{"emulator":{"name":"dataconnect"},"message":"E0714 06:23:08.220835    9216 load.go:23] Could not load config from \"/home/user/studio/dataconnect\": could not find dataconnect.yaml in `/home/user/studio/dataconnect`\n"}}
[debug] [2025-07-14T06:23:18.211Z] E0714 06:23:18.211569    9216 load.go:23] Could not load config from "/home/user/studio/dataconnect": could not find dataconnect.yaml in `/home/user/studio/dataconnect`
E0714 06:23:18.211639    9216 watch.go:76] watchAllDir unable to walk dir `/home/user/studio/dataconnect`: on path "/home/user/studio/dataconnect" (DirEntry: <nil>): lstat /home/user/studio/dataconnect: no such file or directory
 {"metadata":{"emulator":{"name":"dataconnect"},"message":"E0714 06:23:18.211569    9216 load.go:23] Could not load config from \"/home/user/studio/dataconnect\": could not find dataconnect.yaml in `/home/user/studio/dataconnect`\nE0714 06:23:18.211639    9216 watch.go:76] watchAllDir unable to walk dir `/home/user/studio/dataconnect`: on path \"/home/user/studio/dataconnect\" (DirEntry: <nil>): lstat /home/user/studio/dataconnect: no such file or directory\n"}}
[debug] [2025-07-14T06:23:28.211Z] E0714 06:23:28.211151    9216 load.go:23] Could not load config from "/home/user/studio/dataconnect": could not find dataconnect.yaml in `/home/user/studio/dataconnect`
 {"metadata":{"emulator":{"name":"dataconnect"},"message":"E0714 06:23:28.211151    9216 load.go:23] Could not load config from \"/home/user/studio/dataconnect\": could not find dataconnect.yaml in `/home/user/studio/dataconnect`\n"}}
[debug] [2025-07-14T06:23:38.211Z] E0714 06:23:38.211131    9216 load.go:23] Could not load config from "/home/user/studio/dataconnect": could not find dataconnect.yaml in `/home/user/studio/dataconnect`
 {"metadata":{"emulator":{"name":"dataconnect"},"message":"E0714 06:23:38.211131    9216 load.go:23] Could not load config from \"/home/user/studio/dataconnect\": could not find dataconnect.yaml in `/home/user/studio/dataconnect`\n"}}
[debug] [2025-07-14T06:23:48.211Z] E0714 06:23:48.211654    9216 load.go:23] Could not load config from "/home/user/studio/dataconnect": could not find dataconnect.yaml in `/home/user/studio/dataconnect`
 {"metadata":{"emulator":{"name":"dataconnect"},"message":"E0714 06:23:48.211654    9216 load.go:23] Could not load config from \"/home/user/studio/dataconnect\": could not find dataconnect.yaml in `/home/user/studio/dataconnect`\n"}}
[debug] [2025-07-14T06:23:58.218Z] I0714 06:23:58.218310    9216 load.go:37] Reloading schema and connectors...
 {"metadata":{"emulator":{"name":"dataconnect"},"message":"I0714 06:23:58.218310    9216 load.go:37] Reloading schema and connectors...\n"}}
[debug] [2025-07-14T06:23:58.274Z] I0714 06:23:58.273849    9216 control.go:84] [/emulator/rak-safety-hub-n0boorak-safety-hub-n0boo 8ad9] UpdateResources(): done
Schema: sources: schema/schema.gql [2088B] 
Connector "default": sources: connector/queries.gql [1802B] connector/mutations.gql [1233B] 
 {"metadata":{"emulator":{"name":"dataconnect"},"message":"I0714 06:23:58.273849    9216 control.go:84] [/emulator/rak-safety-hub-n0boorak-safety-hub-n0boo 8ad9] UpdateResources(): done\nSchema: sources: schema/schema.gql [2088B] \nConnector \"default\": sources: connector/queries.gql [1802B] connector/mutations.gql [1233B] \n"}}
[debug] [2025-07-14T06:23:58.321Z] I0714 06:23:58.321612    9216 collector.go:107] schema extensions wrote into "/home/user/studio/dataconnect/.dataconnect/schema"
Generated sources: prelude.gql [71203B] 
I0714 06:23:58.321683    9216 load.go:115] Finished reloading
 {"metadata":{"emulator":{"name":"dataconnect"},"message":"I0714 06:23:58.321612    9216 collector.go:107] schema extensions wrote into \"/home/user/studio/dataconnect/.dataconnect/schema\"\nGenerated sources: prelude.gql [71203B] \nI0714 06:23:58.321683    9216 load.go:115] Finished reloading\n"}}
[debug] [2025-07-14T06:24:48.218Z] I0714 06:24:48.212541    9216 load.go:37] Reloading schema and connectors...
 {"metadata":{"emulator":{"name":"dataconnect"},"message":"I0714 06:24:48.212541    9216 load.go:37] Reloading schema and connectors...\n"}}
[debug] [2025-07-14T06:24:48.327Z] I0714 06:24:48.325008    9216 codegen.go:82] [connector "default" javascriptSdk] Generating sources into "/home/user/studio/dataconnect-generated/js/default-connector"
 {"metadata":{"emulator":{"name":"dataconnect"},"message":"I0714 06:24:48.325008    9216 codegen.go:82] [connector \"default\" javascriptSdk] Generating sources into \"/home/user/studio/dataconnect-generated/js/default-connector\"\n"}}
[debug] [2025-07-14T06:24:48.351Z] I0714 06:24:48.349158    9216 collector.go:107] schema extensions wrote into "/home/user/studio/dataconnect/.dataconnect/schema"
Generated sources: prelude.gql [71203B] 
 {"metadata":{"emulator":{"name":"dataconnect"},"message":"I0714 06:24:48.349158    9216 collector.go:107] schema extensions wrote into \"/home/user/studio/dataconnect/.dataconnect/schema\"\nGenerated sources: prelude.gql [71203B] \n"}}
[debug] [2025-07-14T06:24:48.359Z] I0714 06:24:48.352092    9216 collector.go:107] connector "default" javascriptSdk wrote into "/home/user/studio/dataconnect-generated/js/default-connector"
Generated sources: esm/package.json [17B] index.cjs.js [178B] react/index.d.ts [228B] react/package.json [468B] react/esm/index.esm.js [0B] react/README.md [5474B] package.json [860B] README.md [2896B] react/esm/package.json [17B] react/index.cjs.js [0B] index.d.ts [246B] esm/index.esm.js [143B] 
 {"metadata":{"emulator":{"name":"dataconnect"},"message":"I0714 06:24:48.352092    9216 collector.go:107] connector \"default\" javascriptSdk wrote into \"/home/user/studio/dataconnect-generated/js/default-connector\"\nGenerated sources: esm/package.json [17B] index.cjs.js [178B] react/index.d.ts [228B] react/package.json [468B] react/esm/index.esm.js [0B] react/README.md [5474B] package.json [860B] README.md [2896B] react/esm/package.json [17B] react/index.cjs.js [0B] index.d.ts [246B] esm/index.esm.js [143B] \n"}}
[debug] [2025-07-14T06:24:48.386Z] I0714 06:24:48.383354    9216 installsdk.go:86] Running command: /usr/bin/npm install file:dataconnect-generated/js/default-connector
 {"metadata":{"emulator":{"name":"dataconnect"},"message":"I0714 06:24:48.383354    9216 installsdk.go:86] Running command: /usr/bin/npm install file:dataconnect-generated/js/default-connector\n"}}
[debug] [2025-07-14T06:24:59.837Z] E0714 06:24:59.746255    9216 installsdk.go:88] Failed to install package: exit status 217
I0714 06:24:59.746321    9216 load.go:115] Finished reloading
 {"metadata":{"emulator":{"name":"dataconnect"},"message":"E0714 06:24:59.746255    9216 installsdk.go:88] Failed to install package: exit status 217\nI0714 06:24:59.746321    9216 load.go:115] Finished reloading\n"}}
[debug] [2025-07-14T08:19:28.319Z] [Firebase Plugin] Activating Firebase extension.
[debug] [2025-07-14T08:19:36.984Z] [Firebase Plugin] requireAuthWrapper
[debug] [2025-07-14T08:19:36.991Z] > command requires scopes: ["email","openid","https://www.googleapis.com/auth/cloudplatformprojects.readonly","https://www.googleapis.com/auth/firebase","https://www.googleapis.com/auth/cloud-platform"]
[debug] [2025-07-14T08:19:37.068Z] [Firebase Plugin] VSCode notification server listening on port 40002
[error] [Firebase Plugin] requireAuth error: Could not refresh access token: Unsuccessful response status code. Request failed with status code 500
[info] [Firebase Plugin] Starting Data Connect toolkit (version 2.8.0) on port 50002
[debug] [2025-07-14T08:22:30.198Z] I0714 08:22:30.177265   40591 control.go:84] [/emulator/rak-safety-hub-n0boorak-safety-hub-n0boo 03c9] UpdateResources(): done
Schema: sources: schema/schema.gql [2088B] 
Connector "default": sources: connector/mutations.gql [1233B] connector/queries.gql [1802B] 
 {"metadata":{"emulator":{"name":"dataconnect"},"message":"I0714 08:22:30.177265   40591 control.go:84] [/emulator/rak-safety-hub-n0boorak-safety-hub-n0boo 03c9] UpdateResources(): done\nSchema: sources: schema/schema.gql [2088B] \nConnector \"default\": sources: connector/mutations.gql [1233B] connector/queries.gql [1802B] \n"}}
[debug] [2025-07-14T08:22:30.200Z] Ignoring unsupported arg: auto_download {"metadata":{"emulator":{"name":"dataconnect"},"message":"Ignoring unsupported arg: auto_download"}}
[debug] [2025-07-14T08:22:30.201Z] Ignoring unsupported arg: port {"metadata":{"emulator":{"name":"dataconnect"},"message":"Ignoring unsupported arg: port"}}
[debug] [2025-07-14T08:22:30.202Z] Starting Data Connect Emulator with command {"binary":"/home/user/.cache/firebase/emulators/dataconnect-emulator-2.8.0","args":["--logtostderr","-v=2","dev","--listen=localhost:50002","--config_dir=/home/user/studio/dataconnect","--enable_output_schema_extensions=true","--enable_output_generated_sdk=true"],"optionalArgs":["listen","config_dir","enable_output_schema_extensions","enable_output_generated_sdk"],"joinArgs":true,"shell":false,"port":9399} {"metadata":{"emulator":{"name":"dataconnect"},"message":"Starting Data Connect Emulator with command {\"binary\":\"/home/user/.cache/firebase/emulators/dataconnect-emulator-2.8.0\",\"args\":[\"--logtostderr\",\"-v=2\",\"dev\",\"--listen=localhost:50002\",\"--config_dir=/home/user/studio/dataconnect\",\"--enable_output_schema_extensions=true\",\"--enable_output_generated_sdk=true\"],\"optionalArgs\":[\"listen\",\"config_dir\",\"enable_output_schema_extensions\",\"enable_output_generated_sdk\"],\"joinArgs\":true,\"shell\":false,\"port\":9399}"}}
[info] i  dataconnect: Data Connect Emulator logging to dataconnect-debug.log {"metadata":{"emulator":{"name":"dataconnect"},"message":"Data Connect Emulator logging to dataconnect-debug.log"}}
[debug] [2025-07-14T08:22:30.274Z] I0714 08:22:30.265067   40598 load.go:37] Reloading schema and connectors...
 {"metadata":{"emulator":{"name":"dataconnect"},"message":"I0714 08:22:30.265067   40598 load.go:37] Reloading schema and connectors...\n"}}
[debug] [2025-07-14T08:22:30.325Z] I0714 08:22:30.325196   40598 control.go:84] [/emulator/rak-safety-hub-n0boorak-safety-hub-n0boo 0f18] UpdateResources(): done
Schema: sources: schema/schema.gql [2088B] 
Connector "default": sources: connector/mutations.gql [1233B] connector/queries.gql [1802B] 
 {"metadata":{"emulator":{"name":"dataconnect"},"message":"I0714 08:22:30.325196   40598 control.go:84] [/emulator/rak-safety-hub-n0boorak-safety-hub-n0boo 0f18] UpdateResources(): done\nSchema: sources: schema/schema.gql [2088B] \nConnector \"default\": sources: connector/mutations.gql [1233B] connector/queries.gql [1802B] \n"}}
[debug] [2025-07-14T08:22:30.397Z] I0714 08:22:30.395479   40598 codegen.go:82] [connector "default" javascriptSdk] Generating sources into "/home/user/studio/dataconnect-generated/js/default-connector"
 {"metadata":{"emulator":{"name":"dataconnect"},"message":"I0714 08:22:30.395479   40598 codegen.go:82] [connector \"default\" javascriptSdk] Generating sources into \"/home/user/studio/dataconnect-generated/js/default-connector\"\n"}}
[debug] [2025-07-14T08:22:30.473Z] I0714 08:22:30.472707   40598 collector.go:107] schema extensions wrote into "/home/user/studio/dataconnect/.dataconnect/schema"
Generated sources: prelude.gql [71203B] 
 {"metadata":{"emulator":{"name":"dataconnect"},"message":"I0714 08:22:30.472707   40598 collector.go:107] schema extensions wrote into \"/home/user/studio/dataconnect/.dataconnect/schema\"\nGenerated sources: prelude.gql [71203B] \n"}}
[debug] [2025-07-14T08:22:30.487Z] I0714 08:22:30.485348   40598 collector.go:107] connector "default" javascriptSdk wrote into "/home/user/studio/dataconnect-generated/js/default-connector"
Generated sources: react/esm/package.json [17B] react/index.cjs.js [0B] react/esm/index.esm.js [0B] esm/package.json [17B] index.cjs.js [178B] package.json [860B] README.md [2896B] react/package.json [468B] react/README.md [5474B] index.d.ts [246B] esm/index.esm.js [143B] react/index.d.ts [228B] 
 {"metadata":{"emulator":{"name":"dataconnect"},"message":"I0714 08:22:30.485348   40598 collector.go:107] connector \"default\" javascriptSdk wrote into \"/home/user/studio/dataconnect-generated/js/default-connector\"\nGenerated sources: react/esm/package.json [17B] react/index.cjs.js [0B] react/esm/index.esm.js [0B] esm/package.json [17B] index.cjs.js [178B] package.json [860B] README.md [2896B] react/package.json [468B] react/README.md [5474B] index.d.ts [246B] esm/index.esm.js [143B] react/index.d.ts [228B] \n"}}
[debug] [2025-07-14T08:22:30.517Z] I0714 08:22:30.517280   40598 installsdk.go:55] Package @firebasegen/default-connector is already installed. Skipping installation
 {"metadata":{"emulator":{"name":"dataconnect"},"message":"I0714 08:22:30.517280   40598 installsdk.go:55] Package @firebasegen/default-connector is already installed. Skipping installation\n"}}
[debug] [2025-07-14T08:22:30.522Z] I0714 08:22:30.518476   40598 load.go:115] Finished reloading
 {"metadata":{"emulator":{"name":"dataconnect"},"message":"I0714 08:22:30.518476   40598 load.go:115] Finished reloading\n"}}
[debug] [2025-07-14T08:22:30.572Z] I0714 08:22:30.571164   40598 dev.go:95] Listening on address (HTTP + gRPC): 127.0.0.1:50002
 {"metadata":{"emulator":{"name":"dataconnect"},"message":"I0714 08:22:30.571164   40598 dev.go:95] Listening on address (HTTP + gRPC): 127.0.0.1:50002\n"}}
[error] [Firebase Plugin] error:  {}
[info] [Firebase Plugin] Stopping Data Connect toolkit
[warn]   Data Connect Emulator has exited upon receiving signal: SIGINT 
